mode: atomic
github.com/tommed/ducto-faker/config/config.go:26.47,27.22 1 0
github.com/tommed/ducto-faker/config/config.go:27.22,29.3 1 0
github.com/tommed/ducto-faker/config/config.go:32.2,33.16 2 0
github.com/tommed/ducto-faker/config/config.go:33.16,35.3 1 0
github.com/tommed/ducto-faker/config/config.go:38.2,39.9 2 0
github.com/tommed/ducto-faker/config/config.go:40.85,41.35 1 0
github.com/tommed/ducto-faker/config/config.go:42.46,43.35 1 0
github.com/tommed/ducto-faker/config/config.go:44.10,45.72 1 0
github.com/tommed/ducto-faker/config/config.go:47.2,47.16 1 0
github.com/tommed/ducto-faker/config/config.go:47.16,49.3 1 0
github.com/tommed/ducto-faker/config/config.go:52.2,58.16 4 0
github.com/tommed/ducto-faker/config/config.go:58.16,60.3 1 0
github.com/tommed/ducto-faker/config/config.go:63.2,64.34 2 0
github.com/tommed/ducto-faker/config/config.go:64.34,66.31 2 0
github.com/tommed/ducto-faker/config/config.go:66.31,68.4 1 0
github.com/tommed/ducto-faker/config/config.go:71.2,71.18 1 0
github.com/tommed/ducto-faker/cmd/ducto-faker/main.go:9.13,11.2 1 0
github.com/tommed/ducto-faker/cmd/ducto-faker/main.go:9.13,11.2 1 0
github.com/tommed/ducto-faker/config/config.go:26.47,27.22 1 6
github.com/tommed/ducto-faker/config/config.go:27.22,29.3 1 1
github.com/tommed/ducto-faker/config/config.go:32.2,33.16 2 5
github.com/tommed/ducto-faker/config/config.go:33.16,35.3 1 1
github.com/tommed/ducto-faker/config/config.go:38.2,39.9 2 4
github.com/tommed/ducto-faker/config/config.go:40.85,41.35 1 2
github.com/tommed/ducto-faker/config/config.go:42.46,43.35 1 1
github.com/tommed/ducto-faker/config/config.go:44.10,45.72 1 1
github.com/tommed/ducto-faker/config/config.go:47.2,47.16 1 4
github.com/tommed/ducto-faker/config/config.go:47.16,49.3 1 1
github.com/tommed/ducto-faker/config/config.go:52.2,58.16 4 3
github.com/tommed/ducto-faker/config/config.go:58.16,60.3 1 1
github.com/tommed/ducto-faker/config/config.go:63.2,64.34 2 2
github.com/tommed/ducto-faker/config/config.go:64.34,66.31 2 2
github.com/tommed/ducto-faker/config/config.go:66.31,68.4 1 2
github.com/tommed/ducto-faker/config/config.go:71.2,71.18 1 2
github.com/tommed/ducto-faker/faker/generator.go:28.113,29.16 1 2
github.com/tommed/ducto-faker/faker/generator.go:29.16,31.3 1 0
github.com/tommed/ducto-faker/faker/generator.go:32.2,32.25 1 2
github.com/tommed/ducto-faker/faker/generator.go:32.25,34.3 1 0
github.com/tommed/ducto-faker/faker/generator.go:35.2,39.8 1 2
github.com/tommed/ducto-faker/faker/generator.go:43.53,49.32 4 2
github.com/tommed/ducto-faker/faker/generator.go:49.32,52.3 2 2
github.com/tommed/ducto-faker/faker/generator.go:54.2,54.38 1 2
github.com/tommed/ducto-faker/faker/generator.go:54.38,59.37 3 20
github.com/tommed/ducto-faker/faker/generator.go:59.37,62.18 3 80
github.com/tommed/ducto-faker/faker/generator.go:62.18,64.5 1 0
github.com/tommed/ducto-faker/faker/generator.go:65.4,66.18 2 80
github.com/tommed/ducto-faker/faker/generator.go:66.18,68.5 1 0
github.com/tommed/ducto-faker/faker/generator.go:69.4,69.33 1 80
github.com/tommed/ducto-faker/faker/generator.go:74.3,76.72 3 20
github.com/tommed/ducto-faker/faker/generator.go:76.72,78.23 2 80
github.com/tommed/ducto-faker/faker/generator.go:78.23,80.5 1 0
github.com/tommed/ducto-faker/faker/generator.go:82.4,83.22 2 80
github.com/tommed/ducto-faker/faker/generator.go:83.22,85.5 1 0
github.com/tommed/ducto-faker/faker/generator.go:87.4,88.46 2 80
github.com/tommed/ducto-faker/faker/generator.go:91.3,92.17 2 20
github.com/tommed/ducto-faker/faker/generator.go:92.17,94.4 1 0
github.com/tommed/ducto-faker/faker/generator.go:96.3,98.17 3 20
github.com/tommed/ducto-faker/faker/generator.go:98.17,100.4 1 0
github.com/tommed/ducto-faker/faker/generator.go:103.3,104.71 2 20
github.com/tommed/ducto-faker/faker/generator.go:104.71,106.4 1 0
github.com/tommed/ducto-faker/faker/generator.go:107.3,109.38 2 20
github.com/tommed/ducto-faker/faker/generator.go:112.2,112.17 1 2
github.com/tommed/ducto-faker/faker/generator.go:115.78,117.39 2 20
github.com/tommed/ducto-faker/faker/generator.go:117.39,118.23 1 20
github.com/tommed/ducto-faker/faker/generator.go:118.23,120.4 1 20
github.com/tommed/ducto-faker/faker/generator.go:122.2,122.40 1 0
github.com/tommed/ducto-faker/faker/generator.go:125.112,127.39 2 80
github.com/tommed/ducto-faker/faker/generator.go:127.39,129.32 2 0
github.com/tommed/ducto-faker/faker/generator.go:129.32,131.4 1 0
github.com/tommed/ducto-faker/faker/generator.go:133.2,133.33 1 80
github.com/tommed/ducto-faker/faker/generator.go:133.33,135.3 1 80
github.com/tommed/ducto-faker/faker/generator.go:136.2,136.22 1 80
github.com/tommed/ducto-faker/faker/parser.go:12.56,14.16 2 2
github.com/tommed/ducto-faker/faker/parser.go:14.16,16.3 1 0
github.com/tommed/ducto-faker/faker/parser.go:18.2,19.16 2 2
github.com/tommed/ducto-faker/faker/parser.go:19.16,21.3 1 0
github.com/tommed/ducto-faker/faker/parser.go:23.2,24.41 2 2
github.com/tommed/ducto-faker/faker/parser.go:24.41,26.3 1 0
github.com/tommed/ducto-faker/faker/parser.go:27.2,28.17 2 2
github.com/tommed/ducto-faker/faker/parser.go:31.52,32.26 1 20
github.com/tommed/ducto-faker/faker/parser.go:33.23,34.33 1 2
github.com/tommed/ducto-faker/faker/parser.go:34.33,36.4 1 18
github.com/tommed/ducto-faker/faker/parser.go:38.25,39.20 1 8
github.com/tommed/ducto-faker/faker/parser.go:39.20,40.36 1 8
github.com/tommed/ducto-faker/faker/parser.go:40.36,41.34 1 8
github.com/tommed/ducto-faker/faker/parser.go:41.34,42.48 1 8
github.com/tommed/ducto-faker/faker/parser.go:42.48,45.26 3 8
github.com/tommed/ducto-faker/faker/parser.go:45.26,51.8 1 8
github.com/tommed/ducto-faker/faker/parser.go:57.21,59.24 2 0
github.com/tommed/ducto-faker/faker/parser.go:59.24,61.4 1 0
github.com/tommed/ducto-faker/faker/parser.go:63.24,65.24 2 0
github.com/tommed/ducto-faker/faker/parser.go:65.24,67.4 1 0
github.com/tommed/ducto-faker/faker/parser.go:69.23,71.24 2 0
github.com/tommed/ducto-faker/faker/parser.go:71.24,73.4 1 0
github.com/tommed/ducto-faker/faker/parser.go:77.52,79.27 2 8
github.com/tommed/ducto-faker/faker/parser.go:79.27,81.22 2 8
github.com/tommed/ducto-faker/faker/parser.go:81.22,83.4 1 8
github.com/tommed/ducto-faker/faker/parser.go:85.2,85.10 1 8
github.com/tommed/ducto-faker/faker/plugins.go:13.67,14.54 1 21
github.com/tommed/ducto-faker/faker/plugins.go:14.54,15.60 1 0
github.com/tommed/ducto-faker/faker/plugins.go:17.2,17.39 1 21
github.com/tommed/ducto-faker/faker/plugins.go:21.97,23.9 2 80
github.com/tommed/ducto-faker/faker/plugins.go:23.9,25.3 1 0
github.com/tommed/ducto-faker/faker/plugins.go:26.2,26.35 1 80
github.com/tommed/ducto-faker/faker/type_enum.go:10.13,12.2 1 1
github.com/tommed/ducto-faker/faker/type_enum.go:18.49,19.24 1 20
github.com/tommed/ducto-faker/faker/type_enum.go:19.24,21.3 1 0
github.com/tommed/ducto-faker/faker/type_enum.go:22.2,22.67 1 20
github.com/tommed/ducto-faker/faker/type_enum.go:25.83,27.41 2 20
github.com/tommed/ducto-faker/faker/type_enum.go:27.41,29.3 1 0
github.com/tommed/ducto-faker/faker/type_enum.go:30.2,31.24 2 20
github.com/tommed/ducto-faker/faker/type_enum.go:31.24,33.3 1 60
github.com/tommed/ducto-faker/faker/type_enum.go:34.2,34.44 1 20
github.com/tommed/ducto-faker/faker/type_faker.go:13.13,16.94 2 1
github.com/tommed/ducto-faker/faker/type_faker.go:16.94,17.36 1 0
github.com/tommed/ducto-faker/faker/type_faker.go:17.36,17.67 1 0
github.com/tommed/ducto-faker/faker/type_faker.go:20.2,20.91 1 1
github.com/tommed/ducto-faker/faker/type_faker.go:20.91,21.36 1 0
github.com/tommed/ducto-faker/faker/type_faker.go:21.36,21.66 1 0
github.com/tommed/ducto-faker/faker/type_faker.go:24.2,24.93 1 1
github.com/tommed/ducto-faker/faker/type_faker.go:24.93,25.36 1 0
github.com/tommed/ducto-faker/faker/type_faker.go:25.36,25.62 1 0
github.com/tommed/ducto-faker/faker/type_faker.go:28.2,28.89 1 1
github.com/tommed/ducto-faker/faker/type_faker.go:28.89,29.36 1 0
github.com/tommed/ducto-faker/faker/type_faker.go:29.36,29.68 1 0
github.com/tommed/ducto-faker/faker/type_faker.go:32.2,32.89 1 1
github.com/tommed/ducto-faker/faker/type_faker.go:32.89,33.36 1 0
github.com/tommed/ducto-faker/faker/type_faker.go:33.36,33.63 1 0
github.com/tommed/ducto-faker/faker/type_faker.go:36.2,36.91 1 1
github.com/tommed/ducto-faker/faker/type_faker.go:36.91,37.36 1 0
github.com/tommed/ducto-faker/faker/type_faker.go:37.36,37.64 1 0
github.com/tommed/ducto-faker/faker/type_faker.go:40.2,40.92 1 1
github.com/tommed/ducto-faker/faker/type_faker.go:40.92,41.36 1 0
github.com/tommed/ducto-faker/faker/type_faker.go:41.36,41.61 1 0
github.com/tommed/ducto-faker/faker/type_faker.go:44.2,44.91 1 1
github.com/tommed/ducto-faker/faker/type_faker.go:44.91,45.36 1 0
github.com/tommed/ducto-faker/faker/type_faker.go:45.36,45.65 1 0
github.com/tommed/ducto-faker/faker/type_faker.go:48.2,48.87 1 1
github.com/tommed/ducto-faker/faker/type_faker.go:48.87,49.36 1 0
github.com/tommed/ducto-faker/faker/type_faker.go:49.36,49.61 1 0
github.com/tommed/ducto-faker/faker/type_faker.go:52.2,52.95 1 1
github.com/tommed/ducto-faker/faker/type_faker.go:52.95,53.36 1 0
github.com/tommed/ducto-faker/faker/type_faker.go:53.36,53.68 1 0
github.com/tommed/ducto-faker/faker/type_faker.go:56.2,56.93 1 1
github.com/tommed/ducto-faker/faker/type_faker.go:56.93,57.36 1 0
github.com/tommed/ducto-faker/faker/type_faker.go:57.36,57.87 1 0
github.com/tommed/ducto-faker/faker/type_faker.go:60.2,60.94 1 1
github.com/tommed/ducto-faker/faker/type_faker.go:60.94,61.36 1 0
github.com/tommed/ducto-faker/faker/type_faker.go:61.36,63.4 1 0
github.com/tommed/ducto-faker/faker/type_faker.go:66.2,66.98 1 1
github.com/tommed/ducto-faker/faker/type_faker.go:66.98,67.36 1 0
github.com/tommed/ducto-faker/faker/type_faker.go:67.36,67.92 1 0
github.com/tommed/ducto-faker/faker/type_faker.go:70.2,70.91 1 1
github.com/tommed/ducto-faker/faker/type_faker.go:70.91,71.36 1 0
github.com/tommed/ducto-faker/faker/type_faker.go:71.36,71.65 1 0
github.com/tommed/ducto-faker/faker/type_faker.go:74.2,74.95 1 1
github.com/tommed/ducto-faker/faker/type_faker.go:74.95,75.36 1 0
github.com/tommed/ducto-faker/faker/type_faker.go:75.36,75.77 1 0
github.com/tommed/ducto-faker/faker/type_faker.go:78.2,78.88 1 1
github.com/tommed/ducto-faker/faker/type_faker.go:78.88,79.36 1 0
github.com/tommed/ducto-faker/faker/type_faker.go:79.36,82.4 2 0
github.com/tommed/ducto-faker/faker/type_faker.go:85.2,85.90 1 1
github.com/tommed/ducto-faker/faker/type_faker.go:85.90,86.36 1 0
github.com/tommed/ducto-faker/faker/type_faker.go:86.36,87.23 1 0
github.com/tommed/ducto-faker/faker/type_faker.go:87.23,89.5 1 0
github.com/tommed/ducto-faker/faker/type_faker.go:89.10,91.5 1 0
github.com/tommed/ducto-faker/faker/type_faker.go:98.46,100.2 1 0
github.com/tommed/ducto-faker/faker/type_number.go:16.48,18.63 2 20
github.com/tommed/ducto-faker/faker/type_number.go:18.63,21.3 2 0
github.com/tommed/ducto-faker/faker/type_number.go:22.2,22.17 1 20
github.com/tommed/ducto-faker/faker/type_number.go:25.82,32.34 7 20
github.com/tommed/ducto-faker/faker/type_number.go:32.34,34.17 2 0
github.com/tommed/ducto-faker/faker/type_number.go:34.17,36.4 1 0
github.com/tommed/ducto-faker/faker/type_number.go:38.2,38.34 1 20
github.com/tommed/ducto-faker/faker/type_number.go:38.34,40.17 2 0
github.com/tommed/ducto-faker/faker/type_number.go:40.17,42.4 1 0
github.com/tommed/ducto-faker/faker/type_number.go:44.2,44.48 1 20
github.com/tommed/ducto-faker/faker/type_number.go:44.48,46.17 2 0
github.com/tommed/ducto-faker/faker/type_number.go:46.17,48.4 1 0
github.com/tommed/ducto-faker/faker/type_number.go:50.2,50.21 1 20
github.com/tommed/ducto-faker/faker/type_number.go:50.21,52.3 1 0
github.com/tommed/ducto-faker/faker/type_number.go:53.2,53.76 1 20
github.com/tommed/ducto-faker/faker/type_number.go:61.50,63.15 2 20
github.com/tommed/ducto-faker/faker/type_number.go:63.15,66.3 2 20
github.com/tommed/ducto-faker/faker/type_number.go:67.2,67.17 1 0
github.com/tommed/ducto-faker/faker/type_number.go:70.84,75.34 5 20
github.com/tommed/ducto-faker/faker/type_number.go:75.34,77.17 2 20
github.com/tommed/ducto-faker/faker/type_number.go:77.17,79.4 1 0
github.com/tommed/ducto-faker/faker/type_number.go:81.2,81.34 1 20
github.com/tommed/ducto-faker/faker/type_number.go:81.34,83.17 2 20
github.com/tommed/ducto-faker/faker/type_number.go:83.17,85.4 1 0
github.com/tommed/ducto-faker/faker/type_number.go:87.2,87.34 1 20
github.com/tommed/ducto-faker/faker/type_number.go:87.34,89.17 2 20
github.com/tommed/ducto-faker/faker/type_number.go:89.17,91.4 1 0
github.com/tommed/ducto-faker/faker/type_number.go:92.3,92.26 1 20
github.com/tommed/ducto-faker/faker/type_number.go:92.26,94.4 1 0
github.com/tommed/ducto-faker/faker/type_number.go:96.2,96.15 1 20
github.com/tommed/ducto-faker/faker/type_number.go:96.15,98.3 1 0
github.com/tommed/ducto-faker/faker/type_number.go:99.2,99.44 1 20
github.com/tommed/ducto-faker/faker/type_number.go:102.13,105.2 2 1
github.com/tommed/ducto-faker/faker/type_uuid.go:7.13,9.2 1 1
github.com/tommed/ducto-faker/faker/type_uuid.go:13.49,15.2 1 20
github.com/tommed/ducto-faker/faker/type_uuid.go:17.78,19.2 1 20
github.com/tommed/ducto-faker/faker/utils.go:5.37,7.2 1 20
github.com/tommed/ducto-faker/internal/cli/runner.go:13.65,17.39 4 7
github.com/tommed/ducto-faker/internal/cli/runner.go:17.39,20.3 2 1
github.com/tommed/ducto-faker/internal/cli/runner.go:22.2,23.16 2 6
github.com/tommed/ducto-faker/internal/cli/runner.go:23.16,26.3 2 4
github.com/tommed/ducto-faker/internal/cli/runner.go:29.2,30.34 2 2
github.com/tommed/ducto-faker/internal/cli/runner.go:30.34,32.17 2 2
github.com/tommed/ducto-faker/internal/cli/runner.go:32.17,35.4 2 0
github.com/tommed/ducto-faker/internal/cli/runner.go:37.3,38.17 2 2
github.com/tommed/ducto-faker/internal/cli/runner.go:38.17,41.4 2 0
github.com/tommed/ducto-faker/internal/cli/runner.go:43.3,48.5 1 2
github.com/tommed/ducto-faker/internal/cli/runner.go:51.2,52.16 2 2
github.com/tommed/ducto-faker/internal/cli/runner.go:52.16,55.3 2 0
github.com/tommed/ducto-faker/internal/cli/runner.go:57.2,58.16 2 2
github.com/tommed/ducto-faker/internal/cli/runner.go:58.16,61.3 2 0
github.com/tommed/ducto-faker/internal/cli/runner.go:63.2,63.30 1 2
github.com/tommed/ducto-faker/internal/cli/runner.go:63.30,65.3 1 20
github.com/tommed/ducto-faker/internal/cli/runner.go:66.2,66.10 1 2
github.com/tommed/ducto-faker/cmd/ducto-faker/main.go:9.13,11.2 1 0
github.com/tommed/ducto-faker/config/config.go:26.47,27.22 1 0
github.com/tommed/ducto-faker/config/config.go:27.22,29.3 1 0
github.com/tommed/ducto-faker/config/config.go:32.2,33.16 2 0
github.com/tommed/ducto-faker/config/config.go:33.16,35.3 1 0
github.com/tommed/ducto-faker/config/config.go:38.2,39.9 2 0
github.com/tommed/ducto-faker/config/config.go:40.85,41.35 1 0
github.com/tommed/ducto-faker/config/config.go:42.46,43.35 1 0
github.com/tommed/ducto-faker/config/config.go:44.10,45.72 1 0
github.com/tommed/ducto-faker/config/config.go:47.2,47.16 1 0
github.com/tommed/ducto-faker/config/config.go:47.16,49.3 1 0
github.com/tommed/ducto-faker/config/config.go:52.2,58.16 4 0
github.com/tommed/ducto-faker/config/config.go:58.16,60.3 1 0
github.com/tommed/ducto-faker/config/config.go:63.2,64.34 2 0
github.com/tommed/ducto-faker/config/config.go:64.34,66.31 2 0
github.com/tommed/ducto-faker/config/config.go:66.31,68.4 1 0
github.com/tommed/ducto-faker/config/config.go:71.2,71.18 1 0
github.com/tommed/ducto-faker/faker/generator.go:28.113,29.16 1 4
github.com/tommed/ducto-faker/faker/generator.go:29.16,31.3 1 1
github.com/tommed/ducto-faker/faker/generator.go:32.2,32.25 1 3
github.com/tommed/ducto-faker/faker/generator.go:32.25,34.3 1 1
github.com/tommed/ducto-faker/faker/generator.go:35.2,39.8 1 2
github.com/tommed/ducto-faker/faker/generator.go:43.53,49.32 4 1
github.com/tommed/ducto-faker/faker/generator.go:49.32,52.3 2 1
github.com/tommed/ducto-faker/faker/generator.go:54.2,54.38 1 1
github.com/tommed/ducto-faker/faker/generator.go:54.38,59.37 3 5
github.com/tommed/ducto-faker/faker/generator.go:59.37,62.18 3 5
github.com/tommed/ducto-faker/faker/generator.go:62.18,64.5 1 0
github.com/tommed/ducto-faker/faker/generator.go:65.4,66.18 2 5
github.com/tommed/ducto-faker/faker/generator.go:66.18,68.5 1 0
github.com/tommed/ducto-faker/faker/generator.go:69.4,69.33 1 5
github.com/tommed/ducto-faker/faker/generator.go:74.3,76.72 3 5
github.com/tommed/ducto-faker/faker/generator.go:76.72,78.23 2 5
github.com/tommed/ducto-faker/faker/generator.go:78.23,80.5 1 0
github.com/tommed/ducto-faker/faker/generator.go:82.4,83.22 2 5
github.com/tommed/ducto-faker/faker/generator.go:83.22,85.5 1 0
github.com/tommed/ducto-faker/faker/generator.go:87.4,88.46 2 5
github.com/tommed/ducto-faker/faker/generator.go:91.3,92.17 2 5
github.com/tommed/ducto-faker/faker/generator.go:92.17,94.4 1 0
github.com/tommed/ducto-faker/faker/generator.go:96.3,98.17 3 5
github.com/tommed/ducto-faker/faker/generator.go:98.17,100.4 1 0
github.com/tommed/ducto-faker/faker/generator.go:103.3,104.71 2 5
github.com/tommed/ducto-faker/faker/generator.go:104.71,106.4 1 0
github.com/tommed/ducto-faker/faker/generator.go:107.3,109.38 2 5
github.com/tommed/ducto-faker/faker/generator.go:112.2,112.17 1 1
github.com/tommed/ducto-faker/faker/generator.go:115.78,117.39 2 5
github.com/tommed/ducto-faker/faker/generator.go:117.39,118.23 1 5
github.com/tommed/ducto-faker/faker/generator.go:118.23,120.4 1 5
github.com/tommed/ducto-faker/faker/generator.go:122.2,122.40 1 0
github.com/tommed/ducto-faker/faker/generator.go:125.112,127.39 2 5
github.com/tommed/ducto-faker/faker/generator.go:127.39,129.32 2 0
github.com/tommed/ducto-faker/faker/generator.go:129.32,131.4 1 0
github.com/tommed/ducto-faker/faker/generator.go:133.2,133.33 1 5
github.com/tommed/ducto-faker/faker/generator.go:133.33,135.3 1 0
github.com/tommed/ducto-faker/faker/generator.go:136.2,136.22 1 5
github.com/tommed/ducto-faker/faker/parser.go:12.56,14.16 2 8
github.com/tommed/ducto-faker/faker/parser.go:14.16,16.3 1 1
github.com/tommed/ducto-faker/faker/parser.go:18.2,19.16 2 7
github.com/tommed/ducto-faker/faker/parser.go:19.16,21.3 1 1
github.com/tommed/ducto-faker/faker/parser.go:23.2,24.41 2 6
github.com/tommed/ducto-faker/faker/parser.go:24.41,26.3 1 0
github.com/tommed/ducto-faker/faker/parser.go:27.2,28.17 2 6
github.com/tommed/ducto-faker/faker/parser.go:31.52,32.26 1 36
github.com/tommed/ducto-faker/faker/parser.go:33.23,34.33 1 12
github.com/tommed/ducto-faker/faker/parser.go:34.33,36.4 1 24
github.com/tommed/ducto-faker/faker/parser.go:38.25,39.20 1 11
github.com/tommed/ducto-faker/faker/parser.go:39.20,40.36 1 11
github.com/tommed/ducto-faker/faker/parser.go:40.36,41.34 1 11
github.com/tommed/ducto-faker/faker/parser.go:41.34,42.48 1 11
github.com/tommed/ducto-faker/faker/parser.go:42.48,45.26 3 11
github.com/tommed/ducto-faker/faker/parser.go:45.26,51.8 1 10
github.com/tommed/ducto-faker/faker/parser.go:57.21,59.24 2 1
github.com/tommed/ducto-faker/faker/parser.go:59.24,61.4 1 1
github.com/tommed/ducto-faker/faker/parser.go:63.24,65.24 2 1
github.com/tommed/ducto-faker/faker/parser.go:65.24,67.4 1 1
github.com/tommed/ducto-faker/faker/parser.go:69.23,71.24 2 1
github.com/tommed/ducto-faker/faker/parser.go:71.24,73.4 1 1
github.com/tommed/ducto-faker/faker/parser.go:77.52,79.27 2 10
github.com/tommed/ducto-faker/faker/parser.go:79.27,81.22 2 8
github.com/tommed/ducto-faker/faker/parser.go:81.22,83.4 1 8
github.com/tommed/ducto-faker/faker/parser.go:85.2,85.10 1 10
github.com/tommed/ducto-faker/faker/plugins.go:13.67,14.54 1 23
github.com/tommed/ducto-faker/faker/plugins.go:14.54,15.60 1 1
github.com/tommed/ducto-faker/faker/plugins.go:17.2,17.39 1 22
github.com/tommed/ducto-faker/faker/plugins.go:21.97,23.9 2 21
github.com/tommed/ducto-faker/faker/plugins.go:23.9,25.3 1 1
github.com/tommed/ducto-faker/faker/plugins.go:26.2,26.35 1 20
github.com/tommed/ducto-faker/faker/type_enum.go:10.13,12.2 1 1
github.com/tommed/ducto-faker/faker/type_enum.go:18.49,19.24 1 11
github.com/tommed/ducto-faker/faker/type_enum.go:19.24,21.3 1 1
github.com/tommed/ducto-faker/faker/type_enum.go:22.2,22.67 1 10
github.com/tommed/ducto-faker/faker/type_enum.go:25.83,27.41 2 2
github.com/tommed/ducto-faker/faker/type_enum.go:27.41,29.3 1 1
github.com/tommed/ducto-faker/faker/type_enum.go:30.2,31.24 2 1
github.com/tommed/ducto-faker/faker/type_enum.go:31.24,33.3 1 3
github.com/tommed/ducto-faker/faker/type_enum.go:34.2,34.44 1 1
github.com/tommed/ducto-faker/faker/type_faker.go:13.13,16.94 2 1
github.com/tommed/ducto-faker/faker/type_faker.go:16.94,17.36 1 1
github.com/tommed/ducto-faker/faker/type_faker.go:17.36,17.67 1 1
github.com/tommed/ducto-faker/faker/type_faker.go:20.2,20.91 1 1
github.com/tommed/ducto-faker/faker/type_faker.go:20.91,21.36 1 1
github.com/tommed/ducto-faker/faker/type_faker.go:21.36,21.66 1 1
github.com/tommed/ducto-faker/faker/type_faker.go:24.2,24.93 1 1
github.com/tommed/ducto-faker/faker/type_faker.go:24.93,25.36 1 1
github.com/tommed/ducto-faker/faker/type_faker.go:25.36,25.62 1 1
github.com/tommed/ducto-faker/faker/type_faker.go:28.2,28.89 1 1
github.com/tommed/ducto-faker/faker/type_faker.go:28.89,29.36 1 1
github.com/tommed/ducto-faker/faker/type_faker.go:29.36,29.68 1 1
github.com/tommed/ducto-faker/faker/type_faker.go:32.2,32.89 1 1
github.com/tommed/ducto-faker/faker/type_faker.go:32.89,33.36 1 1
github.com/tommed/ducto-faker/faker/type_faker.go:33.36,33.63 1 1
github.com/tommed/ducto-faker/faker/type_faker.go:36.2,36.91 1 1
github.com/tommed/ducto-faker/faker/type_faker.go:36.91,37.36 1 1
github.com/tommed/ducto-faker/faker/type_faker.go:37.36,37.64 1 1
github.com/tommed/ducto-faker/faker/type_faker.go:40.2,40.92 1 1
github.com/tommed/ducto-faker/faker/type_faker.go:40.92,41.36 1 1
github.com/tommed/ducto-faker/faker/type_faker.go:41.36,41.61 1 1
github.com/tommed/ducto-faker/faker/type_faker.go:44.2,44.91 1 1
github.com/tommed/ducto-faker/faker/type_faker.go:44.91,45.36 1 0
github.com/tommed/ducto-faker/faker/type_faker.go:45.36,45.65 1 0
github.com/tommed/ducto-faker/faker/type_faker.go:48.2,48.87 1 1
github.com/tommed/ducto-faker/faker/type_faker.go:48.87,49.36 1 1
github.com/tommed/ducto-faker/faker/type_faker.go:49.36,49.61 1 1
github.com/tommed/ducto-faker/faker/type_faker.go:52.2,52.95 1 1
github.com/tommed/ducto-faker/faker/type_faker.go:52.95,53.36 1 1
github.com/tommed/ducto-faker/faker/type_faker.go:53.36,53.68 1 1
github.com/tommed/ducto-faker/faker/type_faker.go:56.2,56.93 1 1
github.com/tommed/ducto-faker/faker/type_faker.go:56.93,57.36 1 0
github.com/tommed/ducto-faker/faker/type_faker.go:57.36,57.87 1 0
github.com/tommed/ducto-faker/faker/type_faker.go:60.2,60.94 1 1
github.com/tommed/ducto-faker/faker/type_faker.go:60.94,61.36 1 1
github.com/tommed/ducto-faker/faker/type_faker.go:61.36,63.4 1 1
github.com/tommed/ducto-faker/faker/type_faker.go:66.2,66.98 1 1
github.com/tommed/ducto-faker/faker/type_faker.go:66.98,67.36 1 1
github.com/tommed/ducto-faker/faker/type_faker.go:67.36,67.92 1 1
github.com/tommed/ducto-faker/faker/type_faker.go:70.2,70.91 1 1
github.com/tommed/ducto-faker/faker/type_faker.go:70.91,71.36 1 0
github.com/tommed/ducto-faker/faker/type_faker.go:71.36,71.65 1 0
github.com/tommed/ducto-faker/faker/type_faker.go:74.2,74.95 1 1
github.com/tommed/ducto-faker/faker/type_faker.go:74.95,75.36 1 1
github.com/tommed/ducto-faker/faker/type_faker.go:75.36,75.77 1 1
github.com/tommed/ducto-faker/faker/type_faker.go:78.2,78.88 1 1
github.com/tommed/ducto-faker/faker/type_faker.go:78.88,79.36 1 1
github.com/tommed/ducto-faker/faker/type_faker.go:79.36,82.4 2 1
github.com/tommed/ducto-faker/faker/type_faker.go:85.2,85.90 1 1
github.com/tommed/ducto-faker/faker/type_faker.go:85.90,86.36 1 1
github.com/tommed/ducto-faker/faker/type_faker.go:86.36,87.23 1 1
github.com/tommed/ducto-faker/faker/type_faker.go:87.23,89.5 1 0
github.com/tommed/ducto-faker/faker/type_faker.go:89.10,91.5 1 1
github.com/tommed/ducto-faker/faker/type_faker.go:98.46,100.2 1 14
github.com/tommed/ducto-faker/faker/type_number.go:16.48,18.63 2 22
github.com/tommed/ducto-faker/faker/type_number.go:18.63,21.3 2 2
github.com/tommed/ducto-faker/faker/type_number.go:22.2,22.17 1 20
github.com/tommed/ducto-faker/faker/type_number.go:25.82,32.34 7 7
github.com/tommed/ducto-faker/faker/type_number.go:32.34,34.17 2 6
github.com/tommed/ducto-faker/faker/type_number.go:34.17,36.4 1 1
github.com/tommed/ducto-faker/faker/type_number.go:38.2,38.34 1 6
github.com/tommed/ducto-faker/faker/type_number.go:38.34,40.17 2 5
github.com/tommed/ducto-faker/faker/type_number.go:40.17,42.4 1 1
github.com/tommed/ducto-faker/faker/type_number.go:44.2,44.48 1 5
github.com/tommed/ducto-faker/faker/type_number.go:44.48,46.17 2 1
github.com/tommed/ducto-faker/faker/type_number.go:46.17,48.4 1 1
github.com/tommed/ducto-faker/faker/type_number.go:50.2,50.21 1 4
github.com/tommed/ducto-faker/faker/type_number.go:50.21,52.3 1 1
github.com/tommed/ducto-faker/faker/type_number.go:53.2,53.76 1 3
github.com/tommed/ducto-faker/faker/type_number.go:61.50,63.15 2 30
github.com/tommed/ducto-faker/faker/type_number.go:63.15,66.3 2 10
github.com/tommed/ducto-faker/faker/type_number.go:67.2,67.17 1 20
github.com/tommed/ducto-faker/faker/type_number.go:70.84,75.34 5 9
github.com/tommed/ducto-faker/faker/type_number.go:75.34,77.17 2 5
github.com/tommed/ducto-faker/faker/type_number.go:77.17,79.4 1 1
github.com/tommed/ducto-faker/faker/type_number.go:81.2,81.34 1 8
github.com/tommed/ducto-faker/faker/type_number.go:81.34,83.17 2 4
github.com/tommed/ducto-faker/faker/type_number.go:83.17,85.4 1 1
github.com/tommed/ducto-faker/faker/type_number.go:87.2,87.34 1 7
github.com/tommed/ducto-faker/faker/type_number.go:87.34,89.17 2 4
github.com/tommed/ducto-faker/faker/type_number.go:89.17,91.4 1 1
github.com/tommed/ducto-faker/faker/type_number.go:92.3,92.26 1 3
github.com/tommed/ducto-faker/faker/type_number.go:92.26,94.4 1 2
github.com/tommed/ducto-faker/faker/type_number.go:96.2,96.15 1 4
github.com/tommed/ducto-faker/faker/type_number.go:96.15,98.3 1 1
github.com/tommed/ducto-faker/faker/type_number.go:99.2,99.44 1 3
github.com/tommed/ducto-faker/faker/type_number.go:102.13,105.2 2 1
github.com/tommed/ducto-faker/faker/type_uuid.go:7.13,9.2 1 1
github.com/tommed/ducto-faker/faker/type_uuid.go:13.49,15.2 1 6
github.com/tommed/ducto-faker/faker/type_uuid.go:17.78,19.2 1 6
github.com/tommed/ducto-faker/faker/utils.go:5.37,7.2 1 6
github.com/tommed/ducto-faker/internal/cli/runner.go:13.65,17.39 4 0
github.com/tommed/ducto-faker/internal/cli/runner.go:17.39,20.3 2 0
github.com/tommed/ducto-faker/internal/cli/runner.go:22.2,23.16 2 0
github.com/tommed/ducto-faker/internal/cli/runner.go:23.16,26.3 2 0
github.com/tommed/ducto-faker/internal/cli/runner.go:29.2,30.34 2 0
github.com/tommed/ducto-faker/internal/cli/runner.go:30.34,32.17 2 0
github.com/tommed/ducto-faker/internal/cli/runner.go:32.17,35.4 2 0
github.com/tommed/ducto-faker/internal/cli/runner.go:37.3,38.17 2 0
github.com/tommed/ducto-faker/internal/cli/runner.go:38.17,41.4 2 0
github.com/tommed/ducto-faker/internal/cli/runner.go:43.3,48.5 1 0
github.com/tommed/ducto-faker/internal/cli/runner.go:51.2,52.16 2 0
github.com/tommed/ducto-faker/internal/cli/runner.go:52.16,55.3 2 0
github.com/tommed/ducto-faker/internal/cli/runner.go:57.2,58.16 2 0
github.com/tommed/ducto-faker/internal/cli/runner.go:58.16,61.3 2 0
github.com/tommed/ducto-faker/internal/cli/runner.go:63.2,63.30 1 0
github.com/tommed/ducto-faker/internal/cli/runner.go:63.30,65.3 1 0
github.com/tommed/ducto-faker/internal/cli/runner.go:66.2,66.10 1 0
